app/build/intermediates/manifest_merge_blame_file/debug/processDebugMainManifest/manifest-merger-blame-debug-report.txt
1<?xml version="1.0" encoding="utf-8"?>
2<manifest xmlns:android="http://schemas.android.com/apk/res/android"
3    package="com.tcn.sdk.latticedemo"
4    android:versionCode="1"
5    android:versionName="1.0" >
6
7    <uses-sdk
8        android:minSdkVersion="17"
9        android:targetSdkVersion="28" />
10
11    <uses-permission android:name="android.permission.ACCESS_WIFI_STATE" />
11-->src\main\AndroidManifest.xml:6:5-76
11-->src\main\AndroidManifest.xml:6:22-73
12    <uses-permission android:name="android.permission.CHANGE_WIFI_STATE" />
12-->src\main\AndroidManifest.xml:7:5-76
12-->src\main\AndroidManifest.xml:7:22-73
13    <uses-permission android:name="android.permission.WAKE_LOCK" />
13-->src\main\AndroidManifest.xml:8:5-68
13-->src\main\AndroidManifest.xml:8:22-65
14
15    <!-- 添加访问手机位置的权限 -->
16    <uses-permission android:name="android.permission.ACCESS_COARSE_LOCATION" />
16-->src\main\AndroidManifest.xml:11:5-80
16-->src\main\AndroidManifest.xml:11:22-78
17    <!-- 添加访问手机状态的权限 -->
18    <uses-permission android:name="android.permission.READ_PHONE_STATE" />
18-->src\main\AndroidManifest.xml:13:5-74
18-->src\main\AndroidManifest.xml:13:22-72
19    <uses-permission android:name="android.permission.CHANGE_NETWORK_STATE" />
19-->src\main\AndroidManifest.xml:15:5-79
19-->src\main\AndroidManifest.xml:15:22-76
20    <uses-permission android:name="android.permission.INTERNET" />
20-->src\main\AndroidManifest.xml:17:5-67
20-->src\main\AndroidManifest.xml:17:22-64
21    <uses-permission android:name="android.permission.RECEIVE_BOOT_COMPLETED" />
21-->src\main\AndroidManifest.xml:18:5-81
21-->src\main\AndroidManifest.xml:18:22-78
22    <uses-permission android:name="android.permission.RESTART_PACKAGES" />
22-->src\main\AndroidManifest.xml:19:5-75
22-->src\main\AndroidManifest.xml:19:22-72
23    <uses-permission android:name="android.permission.WRITE_EXTERNAL_STORAGE" />
23-->src\main\AndroidManifest.xml:20:5-81
23-->src\main\AndroidManifest.xml:20:22-78
24    <uses-permission android:name="android.permission.READ_EXTERNAL_STORAGE" />
24-->src\main\AndroidManifest.xml:21:5-79
24-->src\main\AndroidManifest.xml:21:22-77
25    <uses-permission android:name="android.permission.ACCESS_NETWORK_STATE" />
25-->src\main\AndroidManifest.xml:22:5-79
25-->src\main\AndroidManifest.xml:22:22-76
26
27    <!-- 允许CWJ账户组访问底层信息 -->
28    <uses-permission android:name="android.permission.CWJ_GROUP" >
28-->src\main\AndroidManifest.xml:25:5-26:23
28-->src\main\AndroidManifest.xml:25:22-65
29    </uses-permission>
30
31    <!-- 允许mTweak用户访问高级系统权限 -->
32    <uses-permission android:name="android.permission.MTWEAK_USER" />
32-->src\main\AndroidManifest.xml:29:5-70
32-->src\main\AndroidManifest.xml:29:22-67
33
34    <!-- 允许声波支付权限 -->
35    <uses-permission android:name="android.permission.RECORD_AUDIO" />
35-->src\main\AndroidManifest.xml:32:5-70
35-->src\main\AndroidManifest.xml:32:22-68
36    <uses-permission android:name="android.permission.MODIFY_AUDIO_SETTINGS" />
36-->src\main\AndroidManifest.xml:33:5-80
36-->src\main\AndroidManifest.xml:33:22-77
37    <uses-permission android:name="android.permission.GET_TASKS" />
37-->src\main\AndroidManifest.xml:35:5-68
37-->src\main\AndroidManifest.xml:35:22-65
38    <uses-permission android:name="android.permission.SYSTEM_ALERT_WINDOW" />
38-->src\main\AndroidManifest.xml:36:5-78
38-->src\main\AndroidManifest.xml:36:22-75
39
40    <application
40-->src\main\AndroidManifest.xml:38:5-62:19
41        android:name="controller.VendApplication"
41-->src\main\AndroidManifest.xml:39:9-50
42        android:allowBackup="true"
42-->src\main\AndroidManifest.xml:40:9-35
43        android:appComponentFactory="android.support.v4.app.CoreComponentFactory"
43-->[com.android.support:support-compat:28.0.0] AndroidManifest.xml:22:18-91
44        android:debuggable="true"
45        android:extractNativeLibs="true"
46        android:label="@string/app_name"
46-->src\main\AndroidManifest.xml:41:9-41
47        android:supportsRtl="true"
47-->src\main\AndroidManifest.xml:42:9-35
48        android:testOnly="true"
49        android:theme="@style/Theme.AppCompat.Light.NoActionBar" >
49-->src\main\AndroidManifest.xml:43:9-65
50        <activity android:name="com.tcn.sdk.latticedemo.MainAct" >
50-->src\main\AndroidManifest.xml:44:9-50:20
50-->src\main\AndroidManifest.xml:44:19-42
51            <intent-filter>
51-->src\main\AndroidManifest.xml:45:13-49:29
52                <action android:name="android.intent.action.MAIN" />
52-->src\main\AndroidManifest.xml:46:17-68
52-->src\main\AndroidManifest.xml:46:25-66
53
54                <category android:name="android.intent.category.LAUNCHER" />
54-->src\main\AndroidManifest.xml:48:17-76
54-->src\main\AndroidManifest.xml:48:27-74
55            </intent-filter>
56        </activity>
57        <activity
57-->src\main\AndroidManifest.xml:51:9-55:20
58            android:name="com.tcn.sdk.latticedemo.SerialPortSetting"
58-->src\main\AndroidManifest.xml:53:13-45
59            android:configChanges="locale|keyboardHidden|orientation"
59-->src\main\AndroidManifest.xml:54:13-70
60            android:launchMode="singleTask" >
60-->src\main\AndroidManifest.xml:52:13-44
61        </activity>
62
63        <receiver android:name="controller.BootBroadcastReceiver" >
63-->src\main\AndroidManifest.xml:56:9-60:20
63-->src\main\AndroidManifest.xml:56:19-66
64            <intent-filter android:priority="999" >
64-->src\main\AndroidManifest.xml:57:13-59:29
64-->src\main\AndroidManifest.xml:57:28-50
65                <action android:name="android.intent.action.BOOT_COMPLETED" />
65-->src\main\AndroidManifest.xml:58:17-79
65-->src\main\AndroidManifest.xml:58:25-76
66            </intent-filter>
67        </receiver>
68
69        <service android:name="controller.VendService" />
69-->src\main\AndroidManifest.xml:61:9-66
69-->src\main\AndroidManifest.xml:61:18-55
70    </application>
71
72</manifest>